Determining if the pthread_create exist failed with the following output:
Change Dir: /home/tzadiko/Code/C++/randomWork/janeStreetPuzzle/mySolutions/October 2019/CMakeFiles/CMakeTmp

Run Build Command:"/usr/bin/make" "cmTC_96443/fast"
/usr/bin/make -f CMakeFiles/cmTC_96443.dir/build.make CMakeFiles/cmTC_96443.dir/build
make[1]: Entering directory '/home/tzadiko/Code/C++/randomWork/janeStreetPuzzle/mySolutions/October 2019/CMakeFiles/CMakeTmp'
Building C object CMakeFiles/cmTC_96443.dir/CheckSymbolExists.c.o
/usr/bin/cc    -o CMakeFiles/cmTC_96443.dir/CheckSymbolExists.c.o   -c "/home/tzadiko/Code/C++/randomWork/janeStreetPuzzle/mySolutions/October 2019/CMakeFiles/CMakeTmp/CheckSymbolExists.c"
Linking C executable cmTC_96443
/usr/bin/cmake -E cmake_link_script CMakeFiles/cmTC_96443.dir/link.txt --verbose=1
/usr/bin/cc      CMakeFiles/cmTC_96443.dir/CheckSymbolExists.c.o  -o cmTC_96443 
/usr/bin/ld: CMakeFiles/cmTC_96443.dir/CheckSymbolExists.c.o: in function `main':
CheckSymbolExists.c:(.text+0x1b): undefined reference to `pthread_create'
collect2: error: ld returned 1 exit status
make[1]: *** [CMakeFiles/cmTC_96443.dir/build.make:87: cmTC_96443] Error 1
make[1]: Leaving directory '/home/tzadiko/Code/C++/randomWork/janeStreetPuzzle/mySolutions/October 2019/CMakeFiles/CMakeTmp'
make: *** [Makefile:121: cmTC_96443/fast] Error 2

File /home/tzadiko/Code/C++/randomWork/janeStreetPuzzle/mySolutions/October 2019/CMakeFiles/CMakeTmp/CheckSymbolExists.c:
/* */
#include <pthread.h>

int main(int argc, char** argv)
{
  (void)argv;
#ifndef pthread_create
  return ((int*)(&pthread_create))[argc];
#else
  (void)argc;
  return 0;
#endif
}

Determining if the function pthread_create exists in the pthreads failed with the following output:
Change Dir: /home/tzadiko/Code/C++/randomWork/janeStreetPuzzle/mySolutions/October 2019/CMakeFiles/CMakeTmp

Run Build Command:"/usr/bin/make" "cmTC_b7853/fast"
/usr/bin/make -f CMakeFiles/cmTC_b7853.dir/build.make CMakeFiles/cmTC_b7853.dir/build
make[1]: Entering directory '/home/tzadiko/Code/C++/randomWork/janeStreetPuzzle/mySolutions/October 2019/CMakeFiles/CMakeTmp'
Building C object CMakeFiles/cmTC_b7853.dir/CheckFunctionExists.c.o
/usr/bin/cc   -DCHECK_FUNCTION_EXISTS=pthread_create   -o CMakeFiles/cmTC_b7853.dir/CheckFunctionExists.c.o   -c /usr/share/cmake-3.13/Modules/CheckFunctionExists.c
Linking C executable cmTC_b7853
/usr/bin/cmake -E cmake_link_script CMakeFiles/cmTC_b7853.dir/link.txt --verbose=1
/usr/bin/cc  -DCHECK_FUNCTION_EXISTS=pthread_create    CMakeFiles/cmTC_b7853.dir/CheckFunctionExists.c.o  -o cmTC_b7853 -lpthreads 
/usr/bin/ld: cannot find -lpthreads
collect2: error: ld returned 1 exit status
make[1]: *** [CMakeFiles/cmTC_b7853.dir/build.make:87: cmTC_b7853] Error 1
make[1]: Leaving directory '/home/tzadiko/Code/C++/randomWork/janeStreetPuzzle/mySolutions/October 2019/CMakeFiles/CMakeTmp'
make: *** [Makefile:121: cmTC_b7853/fast] Error 2


Determining if the pthread_create exist failed with the following output:
Change Dir: /home/tzadiko/Code/C++/randomWork/janeStreetPuzzle/mySolutions/October 2019/CMakeFiles/CMakeTmp

Run Build Command:"/usr/bin/make" "cmTC_76038/fast"
/usr/bin/make -f CMakeFiles/cmTC_76038.dir/build.make CMakeFiles/cmTC_76038.dir/build
make[1]: Entering directory '/home/tzadiko/Code/C++/randomWork/janeStreetPuzzle/mySolutions/October 2019/CMakeFiles/CMakeTmp'
Building C object CMakeFiles/cmTC_76038.dir/CheckSymbolExists.c.o
/usr/bin/cc    -o CMakeFiles/cmTC_76038.dir/CheckSymbolExists.c.o   -c "/home/tzadiko/Code/C++/randomWork/janeStreetPuzzle/mySolutions/October 2019/CMakeFiles/CMakeTmp/CheckSymbolExists.c"
Linking C executable cmTC_76038
/usr/bin/cmake -E cmake_link_script CMakeFiles/cmTC_76038.dir/link.txt --verbose=1
/usr/bin/cc      CMakeFiles/cmTC_76038.dir/CheckSymbolExists.c.o  -o cmTC_76038 
/usr/bin/ld: CMakeFiles/cmTC_76038.dir/CheckSymbolExists.c.o: in function `main':
CheckSymbolExists.c:(.text+0x1b): undefined reference to `pthread_create'
collect2: error: ld returned 1 exit status
make[1]: *** [CMakeFiles/cmTC_76038.dir/build.make:87: cmTC_76038] Error 1
make[1]: Leaving directory '/home/tzadiko/Code/C++/randomWork/janeStreetPuzzle/mySolutions/October 2019/CMakeFiles/CMakeTmp'
make: *** [Makefile:121: cmTC_76038/fast] Error 2

File /home/tzadiko/Code/C++/randomWork/janeStreetPuzzle/mySolutions/October 2019/CMakeFiles/CMakeTmp/CheckSymbolExists.c:
/* */
#include <pthread.h>

int main(int argc, char** argv)
{
  (void)argv;
#ifndef pthread_create
  return ((int*)(&pthread_create))[argc];
#else
  (void)argc;
  return 0;
#endif
}

Determining if the function pthread_create exists in the pthreads failed with the following output:
Change Dir: /home/tzadiko/Code/C++/randomWork/janeStreetPuzzle/mySolutions/October 2019/CMakeFiles/CMakeTmp

Run Build Command:"/usr/bin/make" "cmTC_40b06/fast"
/usr/bin/make -f CMakeFiles/cmTC_40b06.dir/build.make CMakeFiles/cmTC_40b06.dir/build
make[1]: Entering directory '/home/tzadiko/Code/C++/randomWork/janeStreetPuzzle/mySolutions/October 2019/CMakeFiles/CMakeTmp'
Building C object CMakeFiles/cmTC_40b06.dir/CheckFunctionExists.c.o
/usr/bin/cc   -DCHECK_FUNCTION_EXISTS=pthread_create   -o CMakeFiles/cmTC_40b06.dir/CheckFunctionExists.c.o   -c /usr/share/cmake-3.13/Modules/CheckFunctionExists.c
Linking C executable cmTC_40b06
/usr/bin/cmake -E cmake_link_script CMakeFiles/cmTC_40b06.dir/link.txt --verbose=1
/usr/bin/cc  -DCHECK_FUNCTION_EXISTS=pthread_create    CMakeFiles/cmTC_40b06.dir/CheckFunctionExists.c.o  -o cmTC_40b06 -lpthreads 
/usr/bin/ld: cannot find -lpthreads
collect2: error: ld returned 1 exit status
make[1]: *** [CMakeFiles/cmTC_40b06.dir/build.make:87: cmTC_40b06] Error 1
make[1]: Leaving directory '/home/tzadiko/Code/C++/randomWork/janeStreetPuzzle/mySolutions/October 2019/CMakeFiles/CMakeTmp'
make: *** [Makefile:121: cmTC_40b06/fast] Error 2


